<?xml version="1.0" encoding="UTF-8"?>
<!-- Generated by org.testng.reporters.JUnitReportReporter -->
<testsuite skipped="0" hostname="LAPTOP-107EMFCB" name="TestPackage.FirstMaven" tests="1" failures="0" timestamp="2021-06-10T17:03:44 IST" time="0.016" errors="0">
  <testcase name="print" time="0.016" classname="TestPackage.FirstMaven"/>
  <system-out/>
</testsuite> <!-- TestPackage.FirstMaven -->
